# JRE version: OpenJDK Runtime Environment (17.0.11) (build 17.0.11+0--11852314)
# Java VM: OpenJDK 64-Bit Server VM (17.0.11+0--11852314, mixed mode, tiered, compressed oops, compressed class ptrs, g1 gc, windows-amd64)
GC Precious Log:
 CPUs: 20 total, 20 available
 Memory: 32492M
 Large Page Support: Disabled
 NUMA Support: Disabled
 Compressed Oops: Enabled (32-bit)
 Heap Region Size: 1M
 Heap Min Capacity: 8M
 Heap Initial Capacity: 508M
 Heap Max Capacity: 2G
 Pre-touch: Disabled
 Parallel Workers: 15
 Concurrent Workers: 4
 Concurrent Refinement Workers: 15
 Periodic GC: Disabled
Heap:
 garbage-first heap   total 373760K, used 274200K [0x0000000080000000, 0x0000000100000000)
  region size 1024K, 50 young (51200K), 8 survivors (8192K)
 Metaspace       used 192359K, committed 194624K, reserved 1245184K
  class space    used 24970K, committed 26048K, reserved 1048576K
GC Heap History (20 events):
Event: 4062.721 GC heap before
{Heap before GC invocations=72 (full 10):
 garbage-first heap   total 373760K, used 300145K [0x0000000080000000, 0x0000000100000000)
  region size 1024K, 116 young (118784K), 9 survivors (9216K)
 Metaspace       used 191132K, committed 193216K, reserved 1245184K
  class space    used 24808K, committed 25792K, reserved 1048576K
}
Event: 4062.723 GC heap after
{Heap after GC invocations=73 (full 10):
 garbage-first heap   total 373760K, used 193274K [0x0000000080000000, 0x0000000100000000)
  region size 1024K, 11 young (11264K), 11 survivors (11264K)
 Metaspace       used 191132K, committed 193216K, reserved 1245184K
  class space    used 24808K, committed 25792K, reserved 1048576K
}
Event: 4063.288 GC heap before
{Heap before GC invocations=73 (full 10):
 garbage-first heap   total 373760K, used 303866K [0x0000000080000000, 0x0000000100000000)
  region size 1024K, 119 young (121856K), 11 survivors (11264K)
 Metaspace       used 191133K, committed 193216K, reserved 1245184K
  class space    used 24808K, committed 25792K, reserved 1048576K
}
Event: 4063.291 GC heap after
{Heap after GC invocations=74 (full 10):
 garbage-first heap   total 373760K, used 196701K [0x0000000080000000, 0x0000000100000000)
  region size 1024K, 9 young (9216K), 9 survivors (9216K)
 Metaspace       used 191133K, committed 193216K, reserved 1245184K
  class space    used 24808K, committed 25792K, reserved 1048576K
}
Event: 4063.863 GC heap before
{Heap before GC invocations=74 (full 10):
 garbage-first heap   total 373760K, used 305245K [0x0000000080000000, 0x0000000100000000)
  region size 1024K, 115 young (117760K), 9 survivors (9216K)
 Metaspace       used 191133K, committed 193216K, reserved 1245184K
  class space    used 24808K, committed 25792K, reserved 1048576K
}
Event: 4063.866 GC heap after
{Heap after GC invocations=75 (full 10):
 garbage-first heap   total 373760K, used 201048K [0x0000000080000000, 0x0000000100000000)
  region size 1024K, 10 young (10240K), 10 survivors (10240K)
 Metaspace       used 191133K, committed 193216K, reserved 1245184K
  class space    used 24808K, committed 25792K, reserved 1048576K
}
Event: 4064.265 GC heap before
{Heap before GC invocations=75 (full 10):
 garbage-first heap   total 373760K, used 307544K [0x0000000080000000, 0x0000000100000000)
  region size 1024K, 114 young (116736K), 10 survivors (10240K)
 Metaspace       used 191133K, committed 193216K, reserved 1245184K
  class space    used 24808K, committed 25792K, reserved 1048576K
}
Event: 4064.268 GC heap after
{Heap after GC invocations=76 (full 10):
 garbage-first heap   total 373760K, used 204044K [0x0000000080000000, 0x0000000100000000)
  region size 1024K, 10 young (10240K), 10 survivors (10240K)
 Metaspace       used 191133K, committed 193216K, reserved 1245184K
  class space    used 24808K, committed 25792K, reserved 1048576K
}
Event: 4064.587 GC heap before
{Heap before GC invocations=76 (full 10):
 garbage-first heap   total 373760K, used 308492K [0x0000000080000000, 0x0000000100000000)
  region size 1024K, 112 young (114688K), 10 survivors (10240K)
 Metaspace       used 191133K, committed 193216K, reserved 1245184K
  class space    used 24808K, committed 25792K, reserved 1048576K
}
Event: 4064.590 GC heap after
{Heap after GC invocations=77 (full 10):
 garbage-first heap   total 373760K, used 207453K [0x0000000080000000, 0x0000000100000000)
  region size 1024K, 9 young (9216K), 9 survivors (9216K)
 Metaspace       used 191133K, committed 193216K, reserved 1245184K
  class space    used 24808K, committed 25792K, reserved 1048576K
}
Event: 4064.916 GC heap before
{Heap before GC invocations=77 (full 10):
 garbage-first heap   total 373760K, used 309853K [0x0000000080000000, 0x0000000100000000)
  region size 1024K, 109 young (111616K), 9 survivors (9216K)
 Metaspace       used 191133K, committed 193216K, reserved 1245184K
  class space    used 24808K, committed 25792K, reserved 1048576K
}
Event: 4064.919 GC heap after
{Heap after GC invocations=78 (full 10):
 garbage-first heap   total 373760K, used 210174K [0x0000000080000000, 0x0000000100000000)
  region size 1024K, 8 young (8192K), 8 survivors (8192K)
 Metaspace       used 191133K, committed 193216K, reserved 1245184K
  class space    used 24808K, committed 25792K, reserved 1048576K
}
Event: 4065.271 GC heap before
{Heap before GC invocations=78 (full 10):
 garbage-first heap   total 373760K, used 310526K [0x0000000080000000, 0x0000000100000000)
  region size 1024K, 107 young (109568K), 8 survivors (8192K)
 Metaspace       used 191709K, committed 193856K, reserved 1245184K
  class space    used 24896K, committed 25920K, reserved 1048576K
}
Event: 4065.274 GC heap after
{Heap after GC invocations=79 (full 10):
 garbage-first heap   total 373760K, used 214432K [0x0000000080000000, 0x0000000100000000)
  region size 1024K, 9 young (9216K), 9 survivors (9216K)
 Metaspace       used 191709K, committed 193856K, reserved 1245184K
  class space    used 24896K, committed 25920K, reserved 1048576K
}
Event: 6004.889 GC heap before
{Heap before GC invocations=79 (full 10):
 garbage-first heap   total 373760K, used 309664K [0x0000000080000000, 0x0000000100000000)
  region size 1024K, 103 young (105472K), 9 survivors (9216K)
 Metaspace       used 191797K, committed 194048K, reserved 1245184K
  class space    used 24905K, committed 25984K, reserved 1048576K
}
Event: 6004.907 GC heap after
{Heap after GC invocations=80 (full 10):
 garbage-first heap   total 373760K, used 218304K [0x0000000080000000, 0x0000000100000000)
  region size 1024K, 10 young (10240K), 10 survivors (10240K)
 Metaspace       used 191797K, committed 194048K, reserved 1245184K
  class space    used 24905K, committed 25984K, reserved 1048576K
}
Event: 6005.925 GC heap before
{Heap before GC invocations=80 (full 10):
 garbage-first heap   total 373760K, used 314560K [0x0000000080000000, 0x0000000100000000)
  region size 1024K, 102 young (104448K), 10 survivors (10240K)
 Metaspace       used 192130K, committed 194368K, reserved 1245184K
  class space    used 24944K, committed 26048K, reserved 1048576K
}
Event: 6005.933 GC heap after
{Heap after GC invocations=81 (full 10):
 garbage-first heap   total 373760K, used 225853K [0x0000000080000000, 0x0000000100000000)
  region size 1024K, 12 young (12288K), 12 survivors (12288K)
 Metaspace       used 192130K, committed 194368K, reserved 1245184K
  class space    used 24944K, committed 26048K, reserved 1048576K
}
Event: 6016.083 GC heap before
{Heap before GC invocations=81 (full 10):
 garbage-first heap   total 373760K, used 310845K [0x0000000080000000, 0x0000000100000000)
  region size 1024K, 95 young (97280K), 12 survivors (12288K)
 Metaspace       used 192307K, committed 194560K, reserved 1245184K
  class space    used 24965K, committed 26048K, reserved 1048576K
}
Event: 6016.091 GC heap after
{Heap after GC invocations=82 (full 10):
 garbage-first heap   total 373760K, used 232216K [0x0000000080000000, 0x0000000100000000)
  region size 1024K, 8 young (8192K), 8 survivors (8192K)
 Metaspace       used 192307K, committed 194560K, reserved 1245184K
  class space    used 24965K, committed 26048K, reserved 1048576K
}

